call-hook-app/AndroidApplication/app/build/intermediates/manifest_merge_blame_file/debug/processDebugMainManifest/manifest-merger-blame-debug-report.txt
1<?xml version="1.0" encoding="utf-8"?>
2<manifest xmlns:android="http://schemas.android.com/apk/res/android"
3    package="com.example.androidapplication"
4    android:versionCode="1"
5    android:versionName="1.0" >
6
7    <uses-sdk
8        android:minSdkVersion="24"
9        android:targetSdkVersion="34" />
10
11    <!-- Permissions for recording audio and accessing phone state -->
12    <!-- Permission to record audio -->
13    <uses-permission android:name="android.permission.RECORD_AUDIO" />
13-->src\main\AndroidManifest.xml:7:5-71
13-->src\main\AndroidManifest.xml:7:22-68
14    <!-- Optional permission to read audio files from shared storage -->
15    <uses-permission android:name="android.permission.READ_MEDIA_AUDIO" />
15-->src\main\AndroidManifest.xml:9:5-75
15-->src\main\AndroidManifest.xml:9:22-72
16    <!-- Permission to access phone state -->
17    <uses-permission android:name="android.permission.READ_PHONE_STATE" />
17-->src\main\AndroidManifest.xml:11:5-75
17-->src\main\AndroidManifest.xml:11:22-72
18    <!-- Permission to use forground service -->
19    <uses-permission android:name="android.permission.FOREGROUND_SERVICE" />
19-->src\main\AndroidManifest.xml:13:5-77
19-->src\main\AndroidManifest.xml:13:22-74
20    <uses-permission android:name="android.permission.FOREGROUND_SERVICE_MICROPHONE" />
20-->src\main\AndroidManifest.xml:14:5-88
20-->src\main\AndroidManifest.xml:14:22-85
21    <!-- Only required for devices running Android 9 (API level 28) and below to write to external storage -->
22    <uses-permission
22-->src\main\AndroidManifest.xml:16:5-18:38
23        android:name="android.permission.WRITE_EXTERNAL_STORAGE"
23-->src\main\AndroidManifest.xml:17:9-65
24        android:maxSdkVersion="28" />
24-->src\main\AndroidManifest.xml:18:9-35
25
26    <permission
26-->[androidx.core:core:1.13.1] AndroidManifest.xml:22:5-24:47
27        android:name="com.example.androidapplication.DYNAMIC_RECEIVER_NOT_EXPORTED_PERMISSION"
27-->[androidx.core:core:1.13.1] AndroidManifest.xml:23:9-81
28        android:protectionLevel="signature" />
28-->[androidx.core:core:1.13.1] AndroidManifest.xml:24:9-44
29
30    <uses-permission android:name="com.example.androidapplication.DYNAMIC_RECEIVER_NOT_EXPORTED_PERMISSION" />
30-->[androidx.core:core:1.13.1] AndroidManifest.xml:26:5-97
30-->[androidx.core:core:1.13.1] AndroidManifest.xml:26:22-94
31
32    <application
32-->src\main\AndroidManifest.xml:20:5-53:19
33        android:allowBackup="true"
33-->src\main\AndroidManifest.xml:21:9-35
34        android:appComponentFactory="androidx.core.app.CoreComponentFactory"
34-->[androidx.core:core:1.13.1] AndroidManifest.xml:28:18-86
35        android:dataExtractionRules="@xml/data_extraction_rules"
35-->src\main\AndroidManifest.xml:22:9-65
36        android:debuggable="true"
37        android:extractNativeLibs="false"
38        android:fullBackupContent="@xml/backup_rules"
38-->src\main\AndroidManifest.xml:23:9-54
39        android:icon="@mipmap/ic_launcher"
39-->src\main\AndroidManifest.xml:24:9-43
40        android:label="@string/app_name"
40-->src\main\AndroidManifest.xml:25:9-41
41        android:roundIcon="@mipmap/ic_launcher_round"
41-->src\main\AndroidManifest.xml:26:9-54
42        android:supportsRtl="true"
42-->src\main\AndroidManifest.xml:27:9-35
43        android:testOnly="true"
44        android:theme="@style/Theme.AndroidApplication" >
44-->src\main\AndroidManifest.xml:28:9-56
45
46        <!-- Main activity with required exported attribute -->
47        <activity
47-->src\main\AndroidManifest.xml:32:9-40:20
48            android:name="com.example.androidapplication.MainActivity"
48-->src\main\AndroidManifest.xml:33:13-41
49            android:exported="true"
49-->src\main\AndroidManifest.xml:34:13-36
50            android:theme="@style/Theme.AndroidApplication" >
50-->src\main\AndroidManifest.xml:35:13-60
51            <intent-filter>
51-->src\main\AndroidManifest.xml:36:13-39:29
52                <action android:name="android.intent.action.MAIN" />
52-->src\main\AndroidManifest.xml:37:17-69
52-->src\main\AndroidManifest.xml:37:25-66
53
54                <category android:name="android.intent.category.LAUNCHER" />
54-->src\main\AndroidManifest.xml:38:17-77
54-->src\main\AndroidManifest.xml:38:27-74
55            </intent-filter>
56        </activity>
57
58        <service
58-->src\main\AndroidManifest.xml:42:9-96
59            android:name="com.example.androidapplication.RecordingService"
59-->src\main\AndroidManifest.xml:42:18-50
60            android:foregroundServiceType="microphone" />
60-->src\main\AndroidManifest.xml:42:51-93
61
62        <!-- Broadcast receiver for phone state with exported attribute set to true -->
63        <receiver
63-->src\main\AndroidManifest.xml:45:9-51:20
64            android:name="com.example.androidapplication.CallReceiver"
64-->src\main\AndroidManifest.xml:46:13-41
65            android:exported="true" > <!-- Set to true to allow system broadcasts -->
65-->src\main\AndroidManifest.xml:47:13-36
66            <intent-filter>
66-->src\main\AndroidManifest.xml:48:13-50:29
67                <action android:name="android.intent.action.PHONE_STATE" />
67-->src\main\AndroidManifest.xml:49:17-76
67-->src\main\AndroidManifest.xml:49:25-73
68            </intent-filter>
69        </receiver>
70
71        <activity
71-->[androidx.compose.ui:ui-test-manifest:1.6.6] AndroidManifest.xml:23:9-25:39
72            android:name="androidx.activity.ComponentActivity"
72-->[androidx.compose.ui:ui-test-manifest:1.6.6] AndroidManifest.xml:24:13-63
73            android:exported="true" />
73-->[androidx.compose.ui:ui-test-manifest:1.6.6] AndroidManifest.xml:25:13-36
74        <activity
74-->[androidx.compose.ui:ui-tooling-android:1.6.6] AndroidManifest.xml:23:9-25:39
75            android:name="androidx.compose.ui.tooling.PreviewActivity"
75-->[androidx.compose.ui:ui-tooling-android:1.6.6] AndroidManifest.xml:24:13-71
76            android:exported="true" />
76-->[androidx.compose.ui:ui-tooling-android:1.6.6] AndroidManifest.xml:25:13-36
77
78        <provider
78-->[androidx.emoji2:emoji2:1.3.0] AndroidManifest.xml:24:9-32:20
79            android:name="androidx.startup.InitializationProvider"
79-->[androidx.emoji2:emoji2:1.3.0] AndroidManifest.xml:25:13-67
80            android:authorities="com.example.androidapplication.androidx-startup"
80-->[androidx.emoji2:emoji2:1.3.0] AndroidManifest.xml:26:13-68
81            android:exported="false" >
81-->[androidx.emoji2:emoji2:1.3.0] AndroidManifest.xml:27:13-37
82            <meta-data
82-->[androidx.emoji2:emoji2:1.3.0] AndroidManifest.xml:29:13-31:52
83                android:name="androidx.emoji2.text.EmojiCompatInitializer"
83-->[androidx.emoji2:emoji2:1.3.0] AndroidManifest.xml:30:17-75
84                android:value="androidx.startup" />
84-->[androidx.emoji2:emoji2:1.3.0] AndroidManifest.xml:31:17-49
85            <meta-data
85-->[androidx.lifecycle:lifecycle-process:2.8.6] AndroidManifest.xml:29:13-31:52
86                android:name="androidx.lifecycle.ProcessLifecycleInitializer"
86-->[androidx.lifecycle:lifecycle-process:2.8.6] AndroidManifest.xml:30:17-78
87                android:value="androidx.startup" />
87-->[androidx.lifecycle:lifecycle-process:2.8.6] AndroidManifest.xml:31:17-49
88            <meta-data
88-->[androidx.profileinstaller:profileinstaller:1.3.1] AndroidManifest.xml:29:13-31:52
89                android:name="androidx.profileinstaller.ProfileInstallerInitializer"
89-->[androidx.profileinstaller:profileinstaller:1.3.1] AndroidManifest.xml:30:17-85
90                android:value="androidx.startup" />
90-->[androidx.profileinstaller:profileinstaller:1.3.1] AndroidManifest.xml:31:17-49
91        </provider>
92
93        <receiver
93-->[androidx.profileinstaller:profileinstaller:1.3.1] AndroidManifest.xml:34:9-52:20
94            android:name="androidx.profileinstaller.ProfileInstallReceiver"
94-->[androidx.profileinstaller:profileinstaller:1.3.1] AndroidManifest.xml:35:13-76
95            android:directBootAware="false"
95-->[androidx.profileinstaller:profileinstaller:1.3.1] AndroidManifest.xml:36:13-44
96            android:enabled="true"
96-->[androidx.profileinstaller:profileinstaller:1.3.1] AndroidManifest.xml:37:13-35
97            android:exported="true"
97-->[androidx.profileinstaller:profileinstaller:1.3.1] AndroidManifest.xml:38:13-36
98            android:permission="android.permission.DUMP" >
98-->[androidx.profileinstaller:profileinstaller:1.3.1] AndroidManifest.xml:39:13-57
99            <intent-filter>
99-->[androidx.profileinstaller:profileinstaller:1.3.1] AndroidManifest.xml:40:13-42:29
100                <action android:name="androidx.profileinstaller.action.INSTALL_PROFILE" />
100-->[androidx.profileinstaller:profileinstaller:1.3.1] AndroidManifest.xml:41:17-91
100-->[androidx.profileinstaller:profileinstaller:1.3.1] AndroidManifest.xml:41:25-88
101            </intent-filter>
102            <intent-filter>
102-->[androidx.profileinstaller:profileinstaller:1.3.1] AndroidManifest.xml:43:13-45:29
103                <action android:name="androidx.profileinstaller.action.SKIP_FILE" />
103-->[androidx.profileinstaller:profileinstaller:1.3.1] AndroidManifest.xml:44:17-85
103-->[androidx.profileinstaller:profileinstaller:1.3.1] AndroidManifest.xml:44:25-82
104            </intent-filter>
105            <intent-filter>
105-->[androidx.profileinstaller:profileinstaller:1.3.1] AndroidManifest.xml:46:13-48:29
106                <action android:name="androidx.profileinstaller.action.SAVE_PROFILE" />
106-->[androidx.profileinstaller:profileinstaller:1.3.1] AndroidManifest.xml:47:17-88
106-->[androidx.profileinstaller:profileinstaller:1.3.1] AndroidManifest.xml:47:25-85
107            </intent-filter>
108            <intent-filter>
108-->[androidx.profileinstaller:profileinstaller:1.3.1] AndroidManifest.xml:49:13-51:29
109                <action android:name="androidx.profileinstaller.action.BENCHMARK_OPERATION" />
109-->[androidx.profileinstaller:profileinstaller:1.3.1] AndroidManifest.xml:50:17-95
109-->[androidx.profileinstaller:profileinstaller:1.3.1] AndroidManifest.xml:50:25-92
110            </intent-filter>
111        </receiver>
112    </application>
113
114</manifest>